STAR version=2.7.11b
STAR compilation time,server,dir=2025-01-09T12:32:06+0000 :/opt/conda/conda-bld/star_1736425784849/work/source
##### Command Line:
/opt/conda/bin/STAR-avx2 --genomeDir STAR_index --readFilesIn input1/86500_ID2508_19-WT43T_S1_L001_R1_001.fastq.gz input2/86500_ID2508_19-WT43T_S1_L001_R2_001.fastq.gz --readFilesCommand zcat --runThreadN 8 --outFileNamePrefix P43_WT43. --outSAMtype BAM SortedByCoordinate --sjdbGTFfile gencode.v47.primary_assembly.annotation.gtf --outSAMattrRGline ID:P43_WT43 SM:P43_WT43 PL:illumina --outSAMattributes NH HI AS nM NM MD jM jI rB MC vA vG vW --alignEndsType EndToEnd --outSAMunmapped Within --outFilterMultimapNmax 1 --waspOutputMode SAMtag --varVCFfile P43_WT43.GTonly.vcf --readFilesCommand zcat --outSAMtype BAM SortedByCoordinate --outSAMattributes NH HI AS nM NM MD jM jI rB MC vA vG vW --alignEndsType EndToEnd --outSAMunmapped Within --outFilterMultimapNmax 1 --waspOutputMode SAMtag
##### Initial USER parameters from Command Line:
outFileNamePrefix                 P43_WT43.
###### All USER parameters from Command Line:
genomeDir                     STAR_index     ~RE-DEFINED
readFilesIn                   input1/86500_ID2508_19-WT43T_S1_L001_R1_001.fastq.gz   input2/86500_ID2508_19-WT43T_S1_L001_R2_001.fastq.gz        ~RE-DEFINED
readFilesCommand              zcat        ~RE-DEFINED
runThreadN                    8     ~RE-DEFINED
outFileNamePrefix             P43_WT43.     ~RE-DEFINED
outSAMtype                    BAM   SortedByCoordinate        ~RE-DEFINED
sjdbGTFfile                   gencode.v47.primary_assembly.annotation.gtf     ~RE-DEFINED
outSAMattrRGline              ID:P43_WT43   SM:P43_WT43   PL:illumina        ~RE-DEFINED
outSAMattributes              NH   HI   AS   nM   NM   MD   jM   jI   rB   MC   vA   vG   vW        ~RE-DEFINED
alignEndsType                 EndToEnd     ~RE-DEFINED
outSAMunmapped                Within        ~RE-DEFINED
outFilterMultimapNmax         1     ~RE-DEFINED
waspOutputMode                SAMtag     ~RE-DEFINED
varVCFfile                    P43_WT43.GTonly.vcf     ~RE-DEFINED

EXITING: FATAL INPUT ERROR: duplicate parameter "readFilesCommand" in input "Command-Line"
SOLUTION: keep only one definition of input parameters in each input source

Jul 01 11:43:36 ...... FATAL ERROR, exiting
